[0.005][INFO]:      ChromeDriver 23.0.1240.0 /home/alee/bin/chromedriver
[0.598][FINE]:      Initializing session with capabilities {
   "browserName": "chrome",
   "chrome.switches": [  ],
   "chromeOptions": {
      "args": [  ],
      "extensions": [  ]
   },
   "platform": "ANY",
   "version": ""
}

[0.599][INFO]:      Launching chrome: /opt/google/chrome/google-chrome --enable-logging --log-level=1 --disable-hang-monitor --disable-prompt-on-repost --dom-automation --full-memory-crash-report --no-default-browser-check --no-first-run --disable-background-networking --disable-sync --disable-translate --disable-web-resources --safebrowsing-disable-auto-update --safebrowsing-disable-download-protection --disable-client-side-phishing-detection --disable-component-update --disable-default-apps --password-store=basic --ignore-certificate-errors about:blank
[6.291][INFO]:      Connected to Chrome successfully. Version: 22.0.1229.79
[6.322][FINE]:      Command received (/session/a799810f268b7b1672eb49a72cd74b3a)
[6.322][FINE]:      Command finished (/session/a799810f268b7b1672eb49a72cd74b3a) with response {
   "sessionId": "a799810f268b7b1672eb49a72cd74b3a",
   "status": 0,
   "value": {
      "acceptSslCerts": false,
      "applicationCacheEnabled": false,
      "browserConnectionEnabled": false,
      "browserName": "chrome",
      "chrome.chromedriverVersion": "23.0.1240.0",
      "chrome.nativeEvents": false,
      "cssSelectorsEnabled": true,
      "databaseEnabled": false,
      "handlesAlerts": true,
      "javascriptEnabled": true,
      "locationContextEnabled": false,
      "nativeEvents": true,
      "platform": "linux",
      "rotatable": false,
      "takesScreenshot": true,
      "version": "22.0.1229.79",
      "webStorageEnabled": true
   }
}

[7.799][FINE]:      Command received (/session/a799810f268b7b1672eb49a72cd74b3a/url) with params {
   "url": "file:/home/alee/workspaces/git/konduti-view/./src/test/resources/test.html"
}

[7.799][FINER]:     Waiting for all views to stop loading...
[7.799][FINER]:     Done waiting for all views to stop loading
[8.220][FINER]:     Waiting for all views to stop loading...
[8.226][FINER]:     Done waiting for all views to stop loading
[8.226][FINE]:      Command finished (/session/a799810f268b7b1672eb49a72cd74b3a/url) with response {
   "sessionId": "a799810f268b7b1672eb49a72cd74b3a",
   "status": 0,
   "value": {

   }
}

[8.232][FINE]:      Command received (/session/a799810f268b7b1672eb49a72cd74b3a/screenshot)
[8.232][FINER]:     Waiting for all views to stop loading...
[8.232][FINER]:     Done waiting for all views to stop loading
[13.754][FINER]:    Waiting for all views to stop loading...
[13.754][FINER]:    Done waiting for all views to stop loading
[13.754][FINE]:     Command finished (/session/a799810f268b7b1672eb49a72cd74b3a/screenshot) with response {
   "sessionId": "a799810f268b7b1672eb49a72cd74b3a",
   "status": 0,
   "value": "iVBORw0KGgoAAAANSUhEUgAACXEAAC9ICAIAAAAM0foSAAAgAElEQVR4nOzdPZAb17k/6ANK9rSu//bgRgNHgxsNnOzgRoSDr..."
}

[14.961][FINE]:     Command received (/session/a799810f268b7b1672eb49a72cd74b3a/element) with params {
   "using": "id",
   "value": "searchInput"
}

[14.961][FINER]:    Waiting for all views to stop loading...
[14.962][FINER]:    Done waiting for all views to stop loading
[15.050][FINER]:    Waiting for all views to stop loading...
[15.050][FINER]:    Done waiting for all views to stop loading
[15.050][FINE]:     Command finished (/session/a799810f268b7b1672eb49a72cd74b3a/element) with response {
   "sessionId": "a799810f268b7b1672eb49a72cd74b3a",
   "status": 0,
   "value": {
      "ELEMENT": ":wdc:1349897355605"
   }
}

[15.120][FINE]:     Command received (/session/a799810f268b7b1672eb49a72cd74b3a/element/:wdc:1349897355605/attribute/id)
[15.120][FINER]:    Waiting for all views to stop loading...
[15.121][FINER]:    Done waiting for all views to stop loading
[15.203][FINER]:    Waiting for all views to stop loading...
[15.204][FINER]:    Done waiting for all views to stop loading
[15.204][FINE]:     Command finished (/session/a799810f268b7b1672eb49a72cd74b3a/element/:wdc:1349897355605/attribute/id) with response {
   "sessionId": "a799810f268b7b1672eb49a72cd74b3a",
   "status": 0,
   "value": "searchInput"
}

[15.206][FINE]:     Command received (/session/a799810f268b7b1672eb49a72cd74b3a/element/:wdc:1349897355605/attribute/id)
[15.206][FINER]:    Waiting for all views to stop loading...
[15.207][FINER]:    Done waiting for all views to stop loading
[15.221][FINER]:    Waiting for all views to stop loading...
[15.221][FINER]:    Done waiting for all views to stop loading
[15.221][FINE]:     Command finished (/session/a799810f268b7b1672eb49a72cd74b3a/element/:wdc:1349897355605/attribute/id) with response {
   "sessionId": "a799810f268b7b1672eb49a72cd74b3a",
   "status": 0,
   "value": "searchInput"
}

[15.224][FINE]:     Command received (/session/a799810f268b7b1672eb49a72cd74b3a/element/:wdc:1349897355605/value) with params {
   "id": ":wdc:1349897355605",
   "value": [ "test" ]
}

[15.224][FINER]:    Waiting for all views to stop loading...
[15.224][FINER]:    Done waiting for all views to stop loading
[15.406][FINER]:    Waiting for all views to stop loading...
[15.407][FINER]:    Done waiting for all views to stop loading
[15.407][FINE]:     Command finished (/session/a799810f268b7b1672eb49a72cd74b3a/element/:wdc:1349897355605/value) with response {
   "sessionId": "a799810f268b7b1672eb49a72cd74b3a",
   "status": 0,
   "value": {

   }
}

[15.411][FINE]:     Command received (/session/a799810f268b7b1672eb49a72cd74b3a/element) with params {
   "using": "id",
   "value": "searchInput"
}

[15.411][FINER]:    Waiting for all views to stop loading...
[15.412][FINER]:    Done waiting for all views to stop loading
[15.418][FINER]:    Waiting for all views to stop loading...
[15.418][FINER]:    Done waiting for all views to stop loading
[15.418][FINE]:     Command finished (/session/a799810f268b7b1672eb49a72cd74b3a/element) with response {
   "sessionId": "a799810f268b7b1672eb49a72cd74b3a",
   "status": 0,
   "value": {
      "ELEMENT": ":wdc:1349897355605"
   }
}

[15.421][FINE]:     Command received (/session/a799810f268b7b1672eb49a72cd74b3a/element/:wdc:1349897355605/text)
[15.421][FINER]:    Waiting for all views to stop loading...
[15.423][FINER]:    Done waiting for all views to stop loading
[15.480][FINER]:    Waiting for all views to stop loading...
[15.481][FINER]:    Done waiting for all views to stop loading
[15.481][FINE]:     Command finished (/session/a799810f268b7b1672eb49a72cd74b3a/element/:wdc:1349897355605/text) with response {
   "sessionId": "a799810f268b7b1672eb49a72cd74b3a",
   "status": 0,
   "value": ""
}

[15.550][FINE]:     Command received (/session/a799810f268b7b1672eb49a72cd74b3a/url) with params {
   "url": "file:/home/alee/workspaces/git/konduti-view/./src/test/resources/test.html"
}

[15.550][FINER]:    Waiting for all views to stop loading...
[15.551][FINER]:    Done waiting for all views to stop loading
[15.748][FINER]:    Waiting for all views to stop loading...
[15.760][FINER]:    Done waiting for all views to stop loading
[15.760][FINE]:     Command finished (/session/a799810f268b7b1672eb49a72cd74b3a/url) with response {
   "sessionId": "a799810f268b7b1672eb49a72cd74b3a",
   "status": 0,
   "value": {

   }
}

[15.762][FINE]:     Command received (/session/a799810f268b7b1672eb49a72cd74b3a/screenshot)
[15.762][FINER]:    Waiting for all views to stop loading...
[15.765][FINER]:    Done waiting for all views to stop loading
[19.661][FINER]:    Waiting for all views to stop loading...
[19.661][FINER]:    Done waiting for all views to stop loading
[19.661][FINE]:     Command finished (/session/a799810f268b7b1672eb49a72cd74b3a/screenshot) with response {
   "sessionId": "a799810f268b7b1672eb49a72cd74b3a",
   "status": 0,
   "value": "iVBORw0KGgoAAAANSUhEUgAACXEAAC9ICAIAAAAM0foSAAAgAElEQVR4nOzdPZAb17k/6ANK9rSu//bgRgNHgxsNnOzgRoSDr..."
}

[20.121][FINE]:     Command received (/session/a799810f268b7b1672eb49a72cd74b3a/element) with params {
   "using": "id",
   "value": "searchInput"
}

[20.121][FINER]:    Waiting for all views to stop loading...
[20.122][FINER]:    Done waiting for all views to stop loading
[20.129][FINER]:    Waiting for all views to stop loading...
[20.129][FINER]:    Done waiting for all views to stop loading
[20.130][FINE]:     Command finished (/session/a799810f268b7b1672eb49a72cd74b3a/element) with response {
   "sessionId": "a799810f268b7b1672eb49a72cd74b3a",
   "status": 0,
   "value": {
      "ELEMENT": ":wdc:1349897360708"
   }
}

[20.132][FINE]:     Command received (/session/a799810f268b7b1672eb49a72cd74b3a/element/:wdc:1349897360708/attribute/id)
[20.132][FINER]:    Waiting for all views to stop loading...
[20.132][FINER]:    Done waiting for all views to stop loading
[20.185][FINER]:    Waiting for all views to stop loading...
[20.185][FINER]:    Done waiting for all views to stop loading
[20.185][FINE]:     Command finished (/session/a799810f268b7b1672eb49a72cd74b3a/element/:wdc:1349897360708/attribute/id) with response {
   "sessionId": "a799810f268b7b1672eb49a72cd74b3a",
   "status": 0,
   "value": "searchInput"
}

[20.187][FINE]:     Command received (/session/a799810f268b7b1672eb49a72cd74b3a/element/:wdc:1349897360708/attribute/id)
[20.188][FINER]:    Waiting for all views to stop loading...
[20.188][FINER]:    Done waiting for all views to stop loading
[20.201][FINER]:    Waiting for all views to stop loading...
[20.201][FINER]:    Done waiting for all views to stop loading
[20.201][FINE]:     Command finished (/session/a799810f268b7b1672eb49a72cd74b3a/element/:wdc:1349897360708/attribute/id) with response {
   "sessionId": "a799810f268b7b1672eb49a72cd74b3a",
   "status": 0,
   "value": "searchInput"
}

[20.203][FINE]:     Command received (/session/a799810f268b7b1672eb49a72cd74b3a/element/:wdc:1349897360708/value) with params {
   "id": ":wdc:1349897360708",
   "value": [ "test" ]
}

[20.204][FINER]:    Waiting for all views to stop loading...
[20.204][FINER]:    Done waiting for all views to stop loading
[20.365][FINER]:    Waiting for all views to stop loading...
[20.366][FINER]:    Done waiting for all views to stop loading
[20.366][FINE]:     Command finished (/session/a799810f268b7b1672eb49a72cd74b3a/element/:wdc:1349897360708/value) with response {
   "sessionId": "a799810f268b7b1672eb49a72cd74b3a",
   "status": 0,
   "value": {

   }
}

[20.371][FINE]:     Command received (/session/a799810f268b7b1672eb49a72cd74b3a/element) with params {
   "using": "id",
   "value": "searchInput"
}

[20.371][FINER]:    Waiting for all views to stop loading...
[20.373][FINER]:    Done waiting for all views to stop loading
[20.379][FINER]:    Waiting for all views to stop loading...
[20.379][FINER]:    Done waiting for all views to stop loading
[20.379][FINE]:     Command finished (/session/a799810f268b7b1672eb49a72cd74b3a/element) with response {
   "sessionId": "a799810f268b7b1672eb49a72cd74b3a",
   "status": 0,
   "value": {
      "ELEMENT": ":wdc:1349897360708"
   }
}

[20.383][FINE]:     Command received (/session/a799810f268b7b1672eb49a72cd74b3a/element/:wdc:1349897360708/text)
[20.383][FINER]:    Waiting for all views to stop loading...
[20.383][FINER]:    Done waiting for all views to stop loading
[20.438][FINER]:    Waiting for all views to stop loading...
[20.438][FINER]:    Done waiting for all views to stop loading
[20.438][FINE]:     Command finished (/session/a799810f268b7b1672eb49a72cd74b3a/element/:wdc:1349897360708/text) with response {
   "sessionId": "a799810f268b7b1672eb49a72cd74b3a",
   "status": 0,
   "value": ""
}

[20.440][FINE]:     Command received (/session/a799810f268b7b1672eb49a72cd74b3a/screenshot)
[20.440][FINER]:    Waiting for all views to stop loading...
[20.444][FINER]:    Done waiting for all views to stop loading
[24.356][FINER]:    Waiting for all views to stop loading...
[24.356][FINER]:    Done waiting for all views to stop loading
[24.356][FINE]:     Command finished (/session/a799810f268b7b1672eb49a72cd74b3a/screenshot) with response {
   "sessionId": "a799810f268b7b1672eb49a72cd74b3a",
   "status": 0,
   "value": "iVBORw0KGgoAAAANSUhEUgAACXEAAC9ICAIAAAAM0foSAAAgAElEQVR4nOzdPZAb17k/6ANK9rSu//bgRgNHgxsNnOzgRoSDr..."
}

